{"D:\\jinsansan\\backend\\vitest.config.ts": {"path":"D:\\jinsansan\\backend\\vitest.config.ts","all":true,"statementMap":{"0":{"start":{"line":1,"column":0},"end":{"line":1,"column":45}},"2":{"start":{"line":3,"column":0},"end":{"line":3,"column":29}},"3":{"start":{"line":4,"column":0},"end":{"line":4,"column":9}},"4":{"start":{"line":5,"column":0},"end":{"line":5,"column":18}},"5":{"start":{"line":6,"column":0},"end":{"line":6,"column":24}},"6":{"start":{"line":7,"column":0},"end":{"line":7,"column":36}},"7":{"start":{"line":8,"column":0},"end":{"line":8,"column":23}},"8":{"start":{"line":9,"column":0},"end":{"line":9,"column":23}},"9":{"start":{"line":10,"column":0},"end":{"line":10,"column":15}},"10":{"start":{"line":11,"column":0},"end":{"line":11,"column":21}},"11":{"start":{"line":12,"column":0},"end":{"line":12,"column":41}},"12":{"start":{"line":13,"column":0},"end":{"line":13,"column":16}},"13":{"start":{"line":14,"column":0},"end":{"line":14,"column":24}},"14":{"start":{"line":15,"column":0},"end":{"line":15,"column":16}},"15":{"start":{"line":16,"column":0},"end":{"line":16,"column":20}},"16":{"start":{"line":17,"column":0},"end":{"line":17,"column":29}},"17":{"start":{"line":18,"column":0},"end":{"line":18,"column":19}},"18":{"start":{"line":19,"column":0},"end":{"line":19,"column":7}},"19":{"start":{"line":20,"column":0},"end":{"line":20,"column":5}},"20":{"start":{"line":21,"column":0},"end":{"line":21,"column":3}},"21":{"start":{"line":22,"column":0},"end":{"line":22,"column":3}}},"s":{"0":0,"2":0,"3":0,"4":0,"5":0,"6":0,"7":0,"8":0,"9":0,"10":0,"11":0,"12":0,"13":0,"14":0,"15":0,"16":0,"17":0,"18":0,"19":0,"20":0,"21":0},"branchMap":{"0":{"type":"branch","line":1,"loc":{"start":{"line":1,"column":0},"end":{"line":22,"column":-75}},"locations":[{"start":{"line":1,"column":0},"end":{"line":22,"column":-75}}]}},"b":{"0":[0]},"fnMap":{"0":{"name":"(empty-report)","decl":{"start":{"line":1,"column":0},"end":{"line":22,"column":-75}},"loc":{"start":{"line":1,"column":0},"end":{"line":22,"column":-75}},"line":1}},"f":{"0":0}}
,"D:\\jinsansan\\backend\\src\\app.ts": {"path":"D:\\jinsansan\\backend\\src\\app.ts","all":true,"statementMap":{"0":{"start":{"line":1,"column":0},"end":{"line":1,"column":30}},"1":{"start":{"line":2,"column":0},"end":{"line":2,"column":28}},"2":{"start":{"line":3,"column":0},"end":{"line":3,"column":24}},"3":{"start":{"line":4,"column":0},"end":{"line":4,"column":43}},"4":{"start":{"line":5,"column":0},"end":{"line":5,"column":64}},"5":{"start":{"line":6,"column":0},"end":{"line":6,"column":66}},"6":{"start":{"line":7,"column":0},"end":{"line":7,"column":80}},"7":{"start":{"line":8,"column":0},"end":{"line":8,"column":30}},"9":{"start":{"line":10,"column":0},"end":{"line":10,"column":22}},"12":{"start":{"line":13,"column":0},"end":{"line":13,"column":38}},"17":{"start":{"line":18,"column":0},"end":{"line":18,"column":18}},"18":{"start":{"line":19,"column":0},"end":{"line":19,"column":37}},"19":{"start":{"line":20,"column":0},"end":{"line":20,"column":24}},"20":{"start":{"line":21,"column":0},"end":{"line":21,"column":48}},"23":{"start":{"line":24,"column":0},"end":{"line":24,"column":68}},"26":{"start":{"line":27,"column":0},"end":{"line":27,"column":26}},"29":{"start":{"line":30,"column":0},"end":{"line":30,"column":37}},"32":{"start":{"line":33,"column":0},"end":{"line":33,"column":25}},"35":{"start":{"line":36,"column":0},"end":{"line":36,"column":30}},"36":{"start":{"line":37,"column":0},"end":{"line":37,"column":36}},"37":{"start":{"line":38,"column":0},"end":{"line":38,"column":63}},"38":{"start":{"line":39,"column":0},"end":{"line":39,"column":94}},"39":{"start":{"line":40,"column":0},"end":{"line":40,"column":5}},"40":{"start":{"line":41,"column":0},"end":{"line":41,"column":1}},"42":{"start":{"line":43,"column":0},"end":{"line":43,"column":19}}},"s":{"0":0,"1":0,"2":0,"3":0,"4":0,"5":0,"6":0,"7":0,"9":0,"12":0,"17":0,"18":0,"19":0,"20":0,"23":0,"26":0,"29":0,"32":0,"35":0,"36":0,"37":0,"38":0,"39":0,"40":0,"42":0},"branchMap":{"0":{"type":"branch","line":1,"loc":{"start":{"line":1,"column":0},"end":{"line":43,"column":-563}},"locations":[{"start":{"line":1,"column":0},"end":{"line":43,"column":-563}}]}},"b":{"0":[0]},"fnMap":{"0":{"name":"(empty-report)","decl":{"start":{"line":1,"column":0},"end":{"line":43,"column":-563}},"loc":{"start":{"line":1,"column":0},"end":{"line":43,"column":-563}},"line":1}},"f":{"0":0}}
,"D:\\jinsansan\\backend\\src\\vitest.config.ts": {"path":"D:\\jinsansan\\backend\\src\\vitest.config.ts","all":true,"statementMap":{"0":{"start":{"line":1,"column":0},"end":{"line":1,"column":45}},"2":{"start":{"line":3,"column":0},"end":{"line":3,"column":29}},"3":{"start":{"line":4,"column":0},"end":{"line":4,"column":9}},"4":{"start":{"line":5,"column":0},"end":{"line":5,"column":18}},"5":{"start":{"line":6,"column":0},"end":{"line":6,"column":24}},"6":{"start":{"line":7,"column":0},"end":{"line":7,"column":36}},"7":{"start":{"line":8,"column":0},"end":{"line":8,"column":15}},"8":{"start":{"line":9,"column":0},"end":{"line":9,"column":21}},"9":{"start":{"line":10,"column":0},"end":{"line":10,"column":41}},"10":{"start":{"line":11,"column":0},"end":{"line":11,"column":6}},"11":{"start":{"line":12,"column":0},"end":{"line":12,"column":4}},"12":{"start":{"line":13,"column":0},"end":{"line":13,"column":3}}},"s":{"0":0,"2":0,"3":0,"4":0,"5":0,"6":0,"7":0,"8":0,"9":0,"10":0,"11":0,"12":0},"branchMap":{"0":{"type":"branch","line":1,"loc":{"start":{"line":1,"column":0},"end":{"line":13,"column":-99}},"locations":[{"start":{"line":1,"column":0},"end":{"line":13,"column":-99}}]}},"b":{"0":[0]},"fnMap":{"0":{"name":"(empty-report)","decl":{"start":{"line":1,"column":0},"end":{"line":13,"column":-99}},"loc":{"start":{"line":1,"column":0},"end":{"line":13,"column":-99}},"line":1}},"f":{"0":0}}
,"D:\\jinsansan\\backend\\src\\config\\app.config.ts": {"path":"D:\\jinsansan\\backend\\src\\config\\app.config.ts","all":true,"statementMap":{"0":{"start":{"line":1,"column":0},"end":{"line":1,"column":28}},"3":{"start":{"line":4,"column":0},"end":{"line":4,"column":16}},"5":{"start":{"line":6,"column":0},"end":{"line":6,"column":26}},"6":{"start":{"line":7,"column":0},"end":{"line":7,"column":45}},"7":{"start":{"line":8,"column":0},"end":{"line":8,"column":49}},"8":{"start":{"line":9,"column":0},"end":{"line":9,"column":20}},"9":{"start":{"line":10,"column":0},"end":{"line":10,"column":57}},"10":{"start":{"line":11,"column":0},"end":{"line":11,"column":22}},"11":{"start":{"line":12,"column":0},"end":{"line":12,"column":16}},"12":{"start":{"line":13,"column":0},"end":{"line":13,"column":63}},"13":{"start":{"line":14,"column":0},"end":{"line":14,"column":22}},"14":{"start":{"line":15,"column":0},"end":{"line":15,"column":55}},"15":{"start":{"line":16,"column":0},"end":{"line":16,"column":3}},"16":{"start":{"line":17,"column":0},"end":{"line":17,"column":2}}},"s":{"0":0,"3":0,"5":0,"6":0,"7":0,"8":0,"9":0,"10":0,"11":0,"12":0,"13":0,"14":0,"15":0,"16":0},"branchMap":{"0":{"type":"branch","line":1,"loc":{"start":{"line":1,"column":0},"end":{"line":17,"column":-49}},"locations":[{"start":{"line":1,"column":0},"end":{"line":17,"column":-49}}]}},"b":{"0":[0]},"fnMap":{"0":{"name":"(empty-report)","decl":{"start":{"line":1,"column":0},"end":{"line":17,"column":-49}},"loc":{"start":{"line":1,"column":0},"end":{"line":17,"column":-49}},"line":1}},"f":{"0":0}}
,"D:\\jinsansan\\backend\\src\\config\\db.config.ts": {"path":"D:\\jinsansan\\backend\\src\\config\\db.config.ts","all":true,"statementMap":{"0":{"start":{"line":1,"column":0},"end":{"line":1,"column":32}},"1":{"start":{"line":2,"column":0},"end":{"line":2,"column":37}},"2":{"start":{"line":3,"column":0},"end":{"line":3,"column":41}},"4":{"start":{"line":5,"column":0},"end":{"line":5,"column":25}},"5":{"start":{"line":6,"column":0},"end":{"line":6,"column":12}},"6":{"start":{"line":7,"column":0},"end":{"line":7,"column":76}},"7":{"start":{"line":8,"column":0},"end":{"line":8,"column":14}},"8":{"start":{"line":9,"column":0},"end":{"line":9,"column":28}},"9":{"start":{"line":10,"column":0},"end":{"line":10,"column":31}},"10":{"start":{"line":11,"column":0},"end":{"line":11,"column":5}},"11":{"start":{"line":12,"column":0},"end":{"line":12,"column":4}},"12":{"start":{"line":13,"column":0},"end":{"line":13,"column":10}},"13":{"start":{"line":14,"column":0},"end":{"line":14,"column":59}},"14":{"start":{"line":15,"column":0},"end":{"line":15,"column":14}},"15":{"start":{"line":16,"column":0},"end":{"line":16,"column":43}},"16":{"start":{"line":17,"column":0},"end":{"line":17,"column":5}},"17":{"start":{"line":18,"column":0},"end":{"line":18,"column":3}},"18":{"start":{"line":19,"column":0},"end":{"line":19,"column":2}},"21":{"start":{"line":22,"column":0},"end":{"line":22,"column":43}},"22":{"start":{"line":23,"column":0},"end":{"line":23,"column":7}},"23":{"start":{"line":24,"column":0},"end":{"line":24,"column":49}},"24":{"start":{"line":25,"column":0},"end":{"line":25,"column":50}},"25":{"start":{"line":26,"column":0},"end":{"line":26,"column":19}},"26":{"start":{"line":27,"column":0},"end":{"line":27,"column":54}},"27":{"start":{"line":28,"column":0},"end":{"line":28,"column":20}},"28":{"start":{"line":29,"column":0},"end":{"line":29,"column":3}},"29":{"start":{"line":30,"column":0},"end":{"line":30,"column":2}},"32":{"start":{"line":33,"column":0},"end":{"line":33,"column":41}},"34":{"start":{"line":35,"column":0},"end":{"line":35,"column":66}},"35":{"start":{"line":36,"column":0},"end":{"line":36,"column":71}},"36":{"start":{"line":37,"column":0},"end":{"line":37,"column":16}},"37":{"start":{"line":38,"column":0},"end":{"line":38,"column":3}},"39":{"start":{"line":40,"column":0},"end":{"line":40,"column":31}},"40":{"start":{"line":41,"column":0},"end":{"line":41,"column":28}},"41":{"start":{"line":42,"column":0},"end":{"line":42,"column":45}},"42":{"start":{"line":43,"column":0},"end":{"line":43,"column":5}},"44":{"start":{"line":45,"column":0},"end":{"line":45,"column":31}},"45":{"start":{"line":46,"column":0},"end":{"line":46,"column":42}},"46":{"start":{"line":47,"column":0},"end":{"line":47,"column":81}},"47":{"start":{"line":48,"column":0},"end":{"line":48,"column":12}},"48":{"start":{"line":49,"column":0},"end":{"line":49,"column":48}},"49":{"start":{"line":50,"column":0},"end":{"line":50,"column":5}},"50":{"start":{"line":51,"column":0},"end":{"line":51,"column":5}},"51":{"start":{"line":52,"column":0},"end":{"line":52,"column":74}},"53":{"start":{"line":54,"column":0},"end":{"line":54,"column":7}},"54":{"start":{"line":55,"column":0},"end":{"line":55,"column":27}},"55":{"start":{"line":56,"column":0},"end":{"line":56,"column":18}},"56":{"start":{"line":57,"column":0},"end":{"line":57,"column":19}},"57":{"start":{"line":58,"column":0},"end":{"line":58,"column":42}},"58":{"start":{"line":59,"column":0},"end":{"line":59,"column":76}},"59":{"start":{"line":60,"column":0},"end":{"line":60,"column":18}},"60":{"start":{"line":61,"column":0},"end":{"line":61,"column":5}},"61":{"start":{"line":62,"column":0},"end":{"line":62,"column":16}},"62":{"start":{"line":63,"column":0},"end":{"line":63,"column":3}},"63":{"start":{"line":64,"column":0},"end":{"line":64,"column":2}}},"s":{"0":0,"1":0,"2":0,"4":0,"5":0,"6":0,"7":0,"8":0,"9":0,"10":0,"11":0,"12":0,"13":0,"14":0,"15":0,"16":0,"17":0,"18":0,"21":0,"22":0,"23":0,"24":0,"25":0,"26":0,"27":0,"28":0,"29":0,"32":0,"34":0,"35":0,"36":0,"37":0,"39":0,"40":0,"41":0,"42":0,"44":0,"45":0,"46":0,"47":0,"48":0,"49":0,"50":0,"51":0,"53":0,"54":0,"55":0,"56":0,"57":0,"58":0,"59":0,"60":0,"61":0,"62":0,"63":0},"branchMap":{"0":{"type":"branch","line":1,"loc":{"start":{"line":1,"column":0},"end":{"line":64,"column":-414}},"locations":[{"start":{"line":1,"column":0},"end":{"line":64,"column":-414}}]}},"b":{"0":[0]},"fnMap":{"0":{"name":"(empty-report)","decl":{"start":{"line":1,"column":0},"end":{"line":64,"column":-414}},"loc":{"start":{"line":1,"column":0},"end":{"line":64,"column":-414}},"line":1}},"f":{"0":0}}
,"D:\\jinsansan\\backend\\src\\config\\index.ts": {"path":"D:\\jinsansan\\backend\\src\\config\\index.ts","all":true,"statementMap":{"0":{"start":{"line":1,"column":0},"end":{"line":1,"column":29}},"1":{"start":{"line":2,"column":0},"end":{"line":2,"column":28}},"2":{"start":{"line":3,"column":0},"end":{"line":3,"column":33}}},"s":{"0":0,"1":0,"2":0},"branchMap":{"0":{"type":"branch","line":1,"loc":{"start":{"line":1,"column":0},"end":{"line":3,"column":-32}},"locations":[{"start":{"line":1,"column":0},"end":{"line":3,"column":-32}}]}},"b":{"0":[0]},"fnMap":{"0":{"name":"(empty-report)","decl":{"start":{"line":1,"column":0},"end":{"line":3,"column":-32}},"loc":{"start":{"line":1,"column":0},"end":{"line":3,"column":-32}},"line":1}},"f":{"0":0}}
,"D:\\jinsansan\\backend\\src\\config\\redis.config.ts": {"path":"D:\\jinsansan\\backend\\src\\config\\redis.config.ts","all":true,"statementMap":{"0":{"start":{"line":1,"column":0},"end":{"line":1,"column":37}},"2":{"start":{"line":3,"column":0},"end":{"line":3,"column":63}},"4":{"start":{"line":5,"column":0},"end":{"line":5,"column":37}},"5":{"start":{"line":6,"column":0},"end":{"line":6,"column":21}},"6":{"start":{"line":7,"column":0},"end":{"line":7,"column":32}},"7":{"start":{"line":8,"column":0},"end":{"line":8,"column":61}},"8":{"start":{"line":9,"column":0},"end":{"line":9,"column":7}},"10":{"start":{"line":11,"column":0},"end":{"line":11,"column":38}},"11":{"start":{"line":12,"column":0},"end":{"line":12,"column":47}},"12":{"start":{"line":13,"column":0},"end":{"line":13,"column":7}},"13":{"start":{"line":14,"column":0},"end":{"line":14,"column":3}},"14":{"start":{"line":15,"column":0},"end":{"line":15,"column":21}},"15":{"start":{"line":16,"column":0},"end":{"line":16,"column":2}},"17":{"start":{"line":18,"column":0},"end":{"line":18,"column":41}},"18":{"start":{"line":19,"column":0},"end":{"line":19,"column":34}},"19":{"start":{"line":20,"column":0},"end":{"line":20,"column":23}},"20":{"start":{"line":21,"column":0},"end":{"line":21,"column":27}},"21":{"start":{"line":22,"column":0},"end":{"line":22,"column":3}},"22":{"start":{"line":23,"column":0},"end":{"line":23,"column":16}},"23":{"start":{"line":24,"column":0},"end":{"line":24,"column":2}},"25":{"start":{"line":26,"column":0},"end":{"line":26,"column":16}},"26":{"start":{"line":27,"column":0},"end":{"line":27,"column":17}},"27":{"start":{"line":28,"column":0},"end":{"line":28,"column":14}},"28":{"start":{"line":29,"column":0},"end":{"line":29,"column":2}}},"s":{"0":0,"2":0,"4":0,"5":0,"6":0,"7":0,"8":0,"10":0,"11":0,"12":0,"13":0,"14":0,"15":0,"17":0,"18":0,"19":0,"20":0,"21":0,"22":0,"23":0,"25":0,"26":0,"27":0,"28":0},"branchMap":{"0":{"type":"branch","line":1,"loc":{"start":{"line":1,"column":0},"end":{"line":29,"column":-140}},"locations":[{"start":{"line":1,"column":0},"end":{"line":29,"column":-140}}]}},"b":{"0":[0]},"fnMap":{"0":{"name":"(empty-report)","decl":{"start":{"line":1,"column":0},"end":{"line":29,"column":-140}},"loc":{"start":{"line":1,"column":0},"end":{"line":29,"column":-140}},"line":1}},"f":{"0":0}}
,"D:\\jinsansan\\backend\\src\\config\\swagger.config.ts": {"path":"D:\\jinsansan\\backend\\src\\config\\swagger.config.ts","all":true,"statementMap":{"0":{"start":{"line":1,"column":0},"end":{"line":1,"column":41}},"1":{"start":{"line":2,"column":0},"end":{"line":2,"column":41}},"3":{"start":{"line":4,"column":0},"end":{"line":4,"column":39}},"4":{"start":{"line":5,"column":0},"end":{"line":5,"column":15}},"5":{"start":{"line":6,"column":0},"end":{"line":6,"column":21}},"6":{"start":{"line":7,"column":0},"end":{"line":7,"column":11}},"7":{"start":{"line":8,"column":0},"end":{"line":8,"column":45}},"8":{"start":{"line":9,"column":0},"end":{"line":9,"column":23}},"9":{"start":{"line":10,"column":0},"end":{"line":10,"column":72}},"10":{"start":{"line":11,"column":0},"end":{"line":11,"column":6}},"11":{"start":{"line":12,"column":0},"end":{"line":12,"column":14}},"12":{"start":{"line":13,"column":0},"end":{"line":13,"column":7}},"13":{"start":{"line":14,"column":0},"end":{"line":14,"column":72}},"14":{"start":{"line":15,"column":0},"end":{"line":15,"column":48}},"15":{"start":{"line":16,"column":0},"end":{"line":16,"column":8}},"16":{"start":{"line":17,"column":0},"end":{"line":17,"column":6}},"17":{"start":{"line":18,"column":0},"end":{"line":18,"column":17}},"18":{"start":{"line":19,"column":0},"end":{"line":19,"column":24}},"19":{"start":{"line":20,"column":0},"end":{"line":20,"column":21}},"20":{"start":{"line":21,"column":0},"end":{"line":21,"column":23}},"21":{"start":{"line":22,"column":0},"end":{"line":22,"column":27}},"22":{"start":{"line":23,"column":0},"end":{"line":23,"column":30}},"23":{"start":{"line":24,"column":0},"end":{"line":24,"column":10}},"24":{"start":{"line":25,"column":0},"end":{"line":25,"column":8}},"25":{"start":{"line":26,"column":0},"end":{"line":26,"column":6}},"26":{"start":{"line":27,"column":0},"end":{"line":27,"column":16}},"27":{"start":{"line":28,"column":0},"end":{"line":28,"column":21}},"28":{"start":{"line":29,"column":0},"end":{"line":29,"column":7}},"29":{"start":{"line":30,"column":0},"end":{"line":30,"column":4}},"30":{"start":{"line":31,"column":0},"end":{"line":31,"column":65}},"31":{"start":{"line":32,"column":0},"end":{"line":32,"column":2}},"33":{"start":{"line":34,"column":0},"end":{"line":34,"column":49}}},"s":{"0":0,"1":0,"3":0,"4":0,"5":0,"6":0,"7":0,"8":0,"9":0,"10":0,"11":0,"12":0,"13":0,"14":0,"15":0,"16":0,"17":0,"18":0,"19":0,"20":0,"21":0,"22":0,"23":0,"24":0,"25":0,"26":0,"27":0,"28":0,"29":0,"30":0,"31":0,"33":0},"branchMap":{"0":{"type":"branch","line":1,"loc":{"start":{"line":1,"column":0},"end":{"line":34,"column":-75}},"locations":[{"start":{"line":1,"column":0},"end":{"line":34,"column":-75}}]}},"b":{"0":[0]},"fnMap":{"0":{"name":"(empty-report)","decl":{"start":{"line":1,"column":0},"end":{"line":34,"column":-75}},"loc":{"start":{"line":1,"column":0},"end":{"line":34,"column":-75}},"line":1}},"f":{"0":0}}
,"D:\\jinsansan\\backend\\src\\controllers\\base.controller.ts": {"path":"D:\\jinsansan\\backend\\src\\controllers\\base.controller.ts","all":false,"statementMap":{"1":{"start":{"line":2,"column":0},"end":{"line":2,"column":54}},"2":{"start":{"line":3,"column":0},"end":{"line":3,"column":49}},"4":{"start":{"line":5,"column":0},"end":{"line":5,"column":38}},"5":{"start":{"line":6,"column":0},"end":{"line":6,"column":64}},"6":{"start":{"line":7,"column":0},"end":{"line":7,"column":57}},"7":{"start":{"line":8,"column":0},"end":{"line":8,"column":3}},"9":{"start":{"line":10,"column":0},"end":{"line":10,"column":97}},"10":{"start":{"line":11,"column":0},"end":{"line":11,"column":68}},"11":{"start":{"line":12,"column":0},"end":{"line":12,"column":3}},"13":{"start":{"line":14,"column":0},"end":{"line":14,"column":32}},"14":{"start":{"line":15,"column":0},"end":{"line":15,"column":17}},"15":{"start":{"line":16,"column":0},"end":{"line":16,"column":18}},"16":{"start":{"line":17,"column":0},"end":{"line":17,"column":31}},"17":{"start":{"line":18,"column":0},"end":{"line":18,"column":5}},"18":{"start":{"line":19,"column":0},"end":{"line":19,"column":9}},"19":{"start":{"line":20,"column":0},"end":{"line":20,"column":37}},"20":{"start":{"line":21,"column":0},"end":{"line":21,"column":39}},"21":{"start":{"line":22,"column":0},"end":{"line":22,"column":21}},"22":{"start":{"line":23,"column":0},"end":{"line":23,"column":54}},"23":{"start":{"line":24,"column":0},"end":{"line":24,"column":29}},"24":{"start":{"line":25,"column":0},"end":{"line":25,"column":5}},"25":{"start":{"line":26,"column":0},"end":{"line":26,"column":3}},"27":{"start":{"line":28,"column":0},"end":{"line":28,"column":41}},"28":{"start":{"line":29,"column":0},"end":{"line":29,"column":57}},"29":{"start":{"line":30,"column":0},"end":{"line":30,"column":66}},"30":{"start":{"line":31,"column":0},"end":{"line":31,"column":12}},"31":{"start":{"line":32,"column":0},"end":{"line":32,"column":11}},"32":{"start":{"line":33,"column":0},"end":{"line":33,"column":15}},"33":{"start":{"line":34,"column":0},"end":{"line":34,"column":34}},"34":{"start":{"line":35,"column":0},"end":{"line":35,"column":21}},"35":{"start":{"line":36,"column":0},"end":{"line":36,"column":6}},"36":{"start":{"line":37,"column":0},"end":{"line":37,"column":3}},"37":{"start":{"line":38,"column":0},"end":{"line":38,"column":1}}},"s":{"1":1,"2":1,"4":1,"5":1,"6":2,"7":2,"9":1,"10":2,"11":2,"13":1,"14":2,"15":2,"16":2,"17":2,"18":2,"19":2,"20":1,"21":1,"22":1,"23":1,"24":1,"25":2,"27":1,"28":2,"29":2,"30":2,"31":2,"32":2,"33":2,"34":2,"35":2,"36":2,"37":1},"branchMap":{"0":{"type":"branch","line":6,"loc":{"start":{"line":6,"column":12},"end":{"line":8,"column":3}},"locations":[{"start":{"line":6,"column":12},"end":{"line":8,"column":3}}]},"1":{"type":"branch","line":10,"loc":{"start":{"line":10,"column":12},"end":{"line":12,"column":3}},"locations":[{"start":{"line":10,"column":12},"end":{"line":12,"column":3}}]},"2":{"type":"branch","line":14,"loc":{"start":{"line":14,"column":2},"end":{"line":26,"column":3}},"locations":[{"start":{"line":14,"column":2},"end":{"line":26,"column":3}}]},"3":{"type":"branch","line":20,"loc":{"start":{"line":20,"column":35},"end":{"line":25,"column":5}},"locations":[{"start":{"line":20,"column":35},"end":{"line":25,"column":5}}]},"4":{"type":"branch","line":28,"loc":{"start":{"line":28,"column":12},"end":{"line":37,"column":3}},"locations":[{"start":{"line":28,"column":12},"end":{"line":37,"column":3}}]},"5":{"type":"branch","line":29,"loc":{"start":{"line":29,"column":50},"end":{"line":29,"column":57}},"locations":[{"start":{"line":29,"column":50},"end":{"line":29,"column":57}}]},"6":{"type":"branch","line":30,"loc":{"start":{"line":30,"column":58},"end":{"line":30,"column":66}},"locations":[{"start":{"line":30,"column":58},"end":{"line":30,"column":66}}]}},"b":{"0":[2],"1":[2],"2":[2],"3":[1],"4":[2],"5":[1],"6":[1]},"fnMap":{"0":{"name":"success","decl":{"start":{"line":6,"column":12},"end":{"line":8,"column":3}},"loc":{"start":{"line":6,"column":12},"end":{"line":8,"column":3}},"line":6},"1":{"name":"error","decl":{"start":{"line":10,"column":12},"end":{"line":12,"column":3}},"loc":{"start":{"line":10,"column":12},"end":{"line":12,"column":3}},"line":10},"2":{"name":"handleRequest","decl":{"start":{"line":14,"column":2},"end":{"line":26,"column":3}},"loc":{"start":{"line":14,"column":2},"end":{"line":26,"column":3}},"line":14},"3":{"name":"getPagination","decl":{"start":{"line":28,"column":12},"end":{"line":37,"column":3}},"loc":{"start":{"line":28,"column":12},"end":{"line":37,"column":3}},"line":28}},"f":{"0":2,"1":2,"2":2,"3":2}}
,"D:\\jinsansan\\backend\\src\\middleware\\auth.middleware.ts": {"path":"D:\\jinsansan\\backend\\src\\middleware\\auth.middleware.ts","all":false,"statementMap":{"1":{"start":{"line":2,"column":0},"end":{"line":2,"column":47}},"10":{"start":{"line":11,"column":0},"end":{"line":11,"column":84}},"11":{"start":{"line":12,"column":0},"end":{"line":12,"column":77}},"13":{"start":{"line":14,"column":0},"end":{"line":14,"column":15}},"14":{"start":{"line":15,"column":0},"end":{"line":15,"column":52}},"15":{"start":{"line":16,"column":0},"end":{"line":16,"column":3}},"17":{"start":{"line":18,"column":0},"end":{"line":18,"column":81}},"18":{"start":{"line":19,"column":0},"end":{"line":19,"column":14}},"19":{"start":{"line":20,"column":0},"end":{"line":20,"column":60}},"20":{"start":{"line":21,"column":0},"end":{"line":21,"column":5}},"21":{"start":{"line":22,"column":0},"end":{"line":22,"column":45}},"22":{"start":{"line":23,"column":0},"end":{"line":23,"column":11}},"23":{"start":{"line":24,"column":0},"end":{"line":24,"column":5}},"24":{"start":{"line":25,"column":0},"end":{"line":25,"column":2}}},"s":{"1":1,"10":1,"11":2,"13":2,"14":1,"15":1,"17":2,"18":1,"19":0,"20":0,"21":1,"22":1,"23":2,"24":2},"branchMap":{"0":{"type":"branch","line":11,"loc":{"start":{"line":11,"column":30},"end":{"line":25,"column":2}},"locations":[{"start":{"line":11,"column":30},"end":{"line":25,"column":2}}]},"1":{"type":"branch","line":12,"loc":{"start":{"line":12,"column":43},"end":{"line":12,"column":52}},"locations":[{"start":{"line":12,"column":43},"end":{"line":12,"column":52}}]},"2":{"type":"branch","line":14,"loc":{"start":{"line":14,"column":14},"end":{"line":18,"column":46}},"locations":[{"start":{"line":14,"column":14},"end":{"line":18,"column":46}}]},"3":{"type":"branch","line":18,"loc":{"start":{"line":18,"column":32},"end":{"line":18,"column":65}},"locations":[{"start":{"line":18,"column":32},"end":{"line":18,"column":65}}]},"4":{"type":"branch","line":18,"loc":{"start":{"line":18,"column":65},"end":{"line":24,"column":3}},"locations":[{"start":{"line":18,"column":65},"end":{"line":24,"column":3}}]},"5":{"type":"branch","line":19,"loc":{"start":{"line":19,"column":13},"end":{"line":21,"column":5}},"locations":[{"start":{"line":19,"column":13},"end":{"line":21,"column":5}}]}},"b":{"0":[2],"1":[1],"2":[1],"3":[0],"4":[1],"5":[0]},"fnMap":{"0":{"name":"authMiddleware","decl":{"start":{"line":11,"column":30},"end":{"line":25,"column":2}},"loc":{"start":{"line":11,"column":30},"end":{"line":25,"column":2}},"line":11}},"f":{"0":2}}
,"D:\\jinsansan\\backend\\src\\middleware\\error.middleware.ts": {"path":"D:\\jinsansan\\backend\\src\\middleware\\error.middleware.ts","all":false,"statementMap":{"1":{"start":{"line":2,"column":0},"end":{"line":2,"column":48}},"3":{"start":{"line":4,"column":0},"end":{"line":4,"column":95}},"4":{"start":{"line":5,"column":0},"end":{"line":5,"column":35}},"6":{"start":{"line":7,"column":0},"end":{"line":7,"column":67}},"7":{"start":{"line":8,"column":0},"end":{"line":8,"column":47}},"8":{"start":{"line":9,"column":0},"end":{"line":9,"column":2}}},"s":{"1":1,"3":1,"4":3,"6":3,"7":3,"8":3},"branchMap":{"0":{"type":"branch","line":4,"loc":{"start":{"line":4,"column":31},"end":{"line":9,"column":2}},"locations":[{"start":{"line":4,"column":31},"end":{"line":9,"column":2}}]},"1":{"type":"branch","line":7,"loc":{"start":{"line":7,"column":45},"end":{"line":7,"column":65}},"locations":[{"start":{"line":7,"column":45},"end":{"line":7,"column":65}}]},"2":{"type":"branch","line":8,"loc":{"start":{"line":8,"column":17},"end":{"line":8,"column":30}},"locations":[{"start":{"line":8,"column":17},"end":{"line":8,"column":30}}]}},"b":{"0":[3],"1":[1],"2":[2]},"fnMap":{"0":{"name":"errorMiddleware","decl":{"start":{"line":4,"column":31},"end":{"line":9,"column":2}},"loc":{"start":{"line":4,"column":31},"end":{"line":9,"column":2}},"line":4}},"f":{"0":3}}
,"D:\\jinsansan\\backend\\src\\middleware\\logger.middleware.ts": {"path":"D:\\jinsansan\\backend\\src\\middleware\\logger.middleware.ts","all":false,"statementMap":{"2":{"start":{"line":3,"column":0},"end":{"line":3,"column":86}},"3":{"start":{"line":4,"column":0},"end":{"line":4,"column":57}},"4":{"start":{"line":5,"column":0},"end":{"line":5,"column":9}},"5":{"start":{"line":6,"column":0},"end":{"line":6,"column":2}}},"s":{"2":1,"3":2,"4":2,"5":2},"branchMap":{"0":{"type":"branch","line":3,"loc":{"start":{"line":3,"column":32},"end":{"line":6,"column":2}},"locations":[{"start":{"line":3,"column":32},"end":{"line":6,"column":2}}]}},"b":{"0":[2]},"fnMap":{"0":{"name":"loggerMiddleware","decl":{"start":{"line":3,"column":32},"end":{"line":6,"column":2}},"loc":{"start":{"line":3,"column":32},"end":{"line":6,"column":2}},"line":3}},"f":{"0":2}}
,"D:\\jinsansan\\backend\\src\\middleware\\role.middleware.ts": {"path":"D:\\jinsansan\\backend\\src\\middleware\\role.middleware.ts","all":false,"statementMap":{"16":{"start":{"line":17,"column":0},"end":{"line":17,"column":52}},"17":{"start":{"line":18,"column":0},"end":{"line":18,"column":63}},"18":{"start":{"line":19,"column":0},"end":{"line":19,"column":36}},"20":{"start":{"line":21,"column":0},"end":{"line":21,"column":49}},"21":{"start":{"line":22,"column":0},"end":{"line":22,"column":60}},"22":{"start":{"line":23,"column":0},"end":{"line":23,"column":5}},"23":{"start":{"line":24,"column":0},"end":{"line":24,"column":11}},"24":{"start":{"line":25,"column":0},"end":{"line":25,"column":4}},"25":{"start":{"line":26,"column":0},"end":{"line":26,"column":2}}},"s":{"16":1,"17":2,"18":2,"20":2,"21":1,"22":1,"23":1,"24":2,"25":2},"branchMap":{"0":{"type":"branch","line":17,"loc":{"start":{"line":17,"column":30},"end":{"line":26,"column":2}},"locations":[{"start":{"line":17,"column":30},"end":{"line":26,"column":2}}]},"1":{"type":"branch","line":18,"loc":{"start":{"line":18,"column":9},"end":{"line":25,"column":4}},"locations":[{"start":{"line":18,"column":9},"end":{"line":25,"column":4}}]},"2":{"type":"branch","line":21,"loc":{"start":{"line":21,"column":48},"end":{"line":24,"column":11}},"locations":[{"start":{"line":21,"column":48},"end":{"line":24,"column":11}}]}},"b":{"0":[2],"1":[2],"2":[1]},"fnMap":{"0":{"name":"roleMiddleware","decl":{"start":{"line":17,"column":30},"end":{"line":26,"column":2}},"loc":{"start":{"line":17,"column":30},"end":{"line":26,"column":2}},"line":17}},"f":{"0":2}}
,"D:\\jinsansan\\backend\\src\\models\\order.model.ts": {"path":"D:\\jinsansan\\backend\\src\\models\\order.model.ts","all":false,"statementMap":{"0":{"start":{"line":1,"column":0},"end":{"line":1,"column":41}},"2":{"start":{"line":3,"column":0},"end":{"line":3,"column":32}},"3":{"start":{"line":4,"column":0},"end":{"line":4,"column":54}},"4":{"start":{"line":5,"column":0},"end":{"line":5,"column":12}},"5":{"start":{"line":6,"column":0},"end":{"line":6,"column":23}},"6":{"start":{"line":7,"column":0},"end":{"line":7,"column":21}},"7":{"start":{"line":8,"column":0},"end":{"line":8,"column":17}},"8":{"start":{"line":9,"column":0},"end":{"line":9,"column":12}},"9":{"start":{"line":10,"column":0},"end":{"line":10,"column":51}},"10":{"start":{"line":11,"column":0},"end":{"line":11,"column":55}},"11":{"start":{"line":12,"column":0},"end":{"line":12,"column":55}},"12":{"start":{"line":13,"column":0},"end":{"line":13,"column":55}},"13":{"start":{"line":14,"column":0},"end":{"line":14,"column":3}},"15":{"start":{"line":16,"column":0},"end":{"line":16,"column":42}},"17":{"start":{"line":18,"column":0},"end":{"line":18,"column":21}}},"s":{"0":1,"2":1,"3":1,"4":1,"5":1,"6":1,"7":1,"8":1,"9":1,"10":1,"11":1,"12":1,"13":1,"15":1,"17":1},"branchMap":{},"b":{},"fnMap":{},"f":{}}
,"D:\\jinsansan\\backend\\src\\models\\user.model.ts": {"path":"D:\\jinsansan\\backend\\src\\models\\user.model.ts","all":false,"statementMap":{"0":{"start":{"line":1,"column":0},"end":{"line":1,"column":41}},"2":{"start":{"line":3,"column":0},"end":{"line":3,"column":31}},"3":{"start":{"line":4,"column":0},"end":{"line":4,"column":41}},"4":{"start":{"line":5,"column":0},"end":{"line":5,"column":56}},"5":{"start":{"line":6,"column":0},"end":{"line":6,"column":45}},"6":{"start":{"line":7,"column":0},"end":{"line":7,"column":53}},"7":{"start":{"line":8,"column":0},"end":{"line":8,"column":3}},"9":{"start":{"line":10,"column":0},"end":{"line":10,"column":39}},"11":{"start":{"line":12,"column":0},"end":{"line":12,"column":20}}},"s":{"0":1,"2":1,"3":1,"4":1,"5":1,"6":1,"7":1,"9":1,"11":1},"branchMap":{},"b":{},"fnMap":{},"f":{}}
,"D:\\jinsansan\\backend\\src\\routes\\index.ts": {"path":"D:\\jinsansan\\backend\\src\\routes\\index.ts","all":true,"statementMap":{"0":{"start":{"line":1,"column":0},"end":{"line":1,"column":33}},"1":{"start":{"line":2,"column":0},"end":{"line":2,"column":38}},"3":{"start":{"line":4,"column":0},"end":{"line":4,"column":24}},"6":{"start":{"line":7,"column":0},"end":{"line":7,"column":37}},"7":{"start":{"line":8,"column":0},"end":{"line":8,"column":12}},"8":{"start":{"line":9,"column":0},"end":{"line":9,"column":17}},"9":{"start":{"line":10,"column":0},"end":{"line":10,"column":26}},"10":{"start":{"line":11,"column":0},"end":{"line":11,"column":22}},"11":{"start":{"line":12,"column":0},"end":{"line":12,"column":5}},"12":{"start":{"line":13,"column":0},"end":{"line":13,"column":3}},"19":{"start":{"line":20,"column":0},"end":{"line":20,"column":22}}},"s":{"0":0,"1":0,"3":0,"6":0,"7":0,"8":0,"9":0,"10":0,"11":0,"12":0,"19":0},"branchMap":{"0":{"type":"branch","line":1,"loc":{"start":{"line":1,"column":0},"end":{"line":20,"column":-140}},"locations":[{"start":{"line":1,"column":0},"end":{"line":20,"column":-140}}]}},"b":{"0":[0]},"fnMap":{"0":{"name":"(empty-report)","decl":{"start":{"line":1,"column":0},"end":{"line":20,"column":-140}},"loc":{"start":{"line":1,"column":0},"end":{"line":20,"column":-140}},"line":1}},"f":{"0":0}}
,"D:\\jinsansan\\backend\\src\\services\\order.service.ts": {"path":"D:\\jinsansan\\backend\\src\\services\\order.service.ts","all":false,"statementMap":{"0":{"start":{"line":1,"column":0},"end":{"line":1,"column":42}},"1":{"start":{"line":2,"column":0},"end":{"line":2,"column":70}},"3":{"start":{"line":4,"column":0},"end":{"line":4,"column":27}},"4":{"start":{"line":5,"column":0},"end":{"line":5,"column":48}},"5":{"start":{"line":6,"column":0},"end":{"line":6,"column":9}},"6":{"start":{"line":7,"column":0},"end":{"line":7,"column":27}},"7":{"start":{"line":8,"column":0},"end":{"line":8,"column":21}},"8":{"start":{"line":9,"column":0},"end":{"line":9,"column":55}},"10":{"start":{"line":11,"column":0},"end":{"line":11,"column":5}},"11":{"start":{"line":12,"column":0},"end":{"line":12,"column":3}},"13":{"start":{"line":14,"column":0},"end":{"line":14,"column":34}},"17":{"start":{"line":18,"column":0},"end":{"line":18,"column":6}},"18":{"start":{"line":19,"column":0},"end":{"line":19,"column":34}},"19":{"start":{"line":20,"column":0},"end":{"line":20,"column":42}},"21":{"start":{"line":22,"column":0},"end":{"line":22,"column":9}},"22":{"start":{"line":23,"column":0},"end":{"line":23,"column":41}},"23":{"start":{"line":24,"column":0},"end":{"line":24,"column":43}},"25":{"start":{"line":26,"column":0},"end":{"line":26,"column":90}},"26":{"start":{"line":27,"column":0},"end":{"line":27,"column":21}},"27":{"start":{"line":28,"column":0},"end":{"line":28,"column":52}},"28":{"start":{"line":29,"column":0},"end":{"line":29,"column":5}},"30":{"start":{"line":31,"column":0},"end":{"line":31,"column":22}},"31":{"start":{"line":32,"column":0},"end":{"line":32,"column":3}},"33":{"start":{"line":34,"column":0},"end":{"line":34,"column":42}},"34":{"start":{"line":35,"column":0},"end":{"line":35,"column":9}},"35":{"start":{"line":36,"column":0},"end":{"line":36,"column":41}},"36":{"start":{"line":37,"column":0},"end":{"line":37,"column":43}},"38":{"start":{"line":39,"column":0},"end":{"line":39,"column":63}},"39":{"start":{"line":40,"column":0},"end":{"line":40,"column":24}},"40":{"start":{"line":41,"column":0},"end":{"line":41,"column":39}},"41":{"start":{"line":42,"column":0},"end":{"line":42,"column":7}},"42":{"start":{"line":43,"column":0},"end":{"line":43,"column":21}},"43":{"start":{"line":44,"column":0},"end":{"line":44,"column":57}},"44":{"start":{"line":45,"column":0},"end":{"line":45,"column":5}},"47":{"start":{"line":48,"column":0},"end":{"line":48,"column":43}},"48":{"start":{"line":49,"column":0},"end":{"line":49,"column":16}},"49":{"start":{"line":50,"column":0},"end":{"line":50,"column":11}},"50":{"start":{"line":51,"column":0},"end":{"line":51,"column":45}},"52":{"start":{"line":53,"column":0},"end":{"line":53,"column":76}},"53":{"start":{"line":54,"column":0},"end":{"line":54,"column":23}},"54":{"start":{"line":55,"column":0},"end":{"line":55,"column":54}},"55":{"start":{"line":56,"column":0},"end":{"line":56,"column":7}},"56":{"start":{"line":57,"column":0},"end":{"line":57,"column":5}},"57":{"start":{"line":58,"column":0},"end":{"line":58,"column":17}},"58":{"start":{"line":59,"column":0},"end":{"line":59,"column":3}},"60":{"start":{"line":61,"column":0},"end":{"line":61,"column":51}},"61":{"start":{"line":62,"column":0},"end":{"line":62,"column":64}},"62":{"start":{"line":63,"column":0},"end":{"line":63,"column":3}},"64":{"start":{"line":65,"column":0},"end":{"line":65,"column":62}},"65":{"start":{"line":66,"column":0},"end":{"line":66,"column":48}},"66":{"start":{"line":67,"column":0},"end":{"line":67,"column":9}},"67":{"start":{"line":68,"column":0},"end":{"line":68,"column":40}},"68":{"start":{"line":69,"column":0},"end":{"line":69,"column":19}},"69":{"start":{"line":70,"column":0},"end":{"line":70,"column":6}},"71":{"start":{"line":72,"column":0},"end":{"line":72,"column":16}},"72":{"start":{"line":73,"column":0},"end":{"line":73,"column":11}},"73":{"start":{"line":74,"column":0},"end":{"line":74,"column":43}},"74":{"start":{"line":75,"column":0},"end":{"line":75,"column":45}},"76":{"start":{"line":77,"column":0},"end":{"line":77,"column":76}},"77":{"start":{"line":78,"column":0},"end":{"line":78,"column":23}},"78":{"start":{"line":79,"column":0},"end":{"line":79,"column":59}},"79":{"start":{"line":80,"column":0},"end":{"line":80,"column":7}},"80":{"start":{"line":81,"column":0},"end":{"line":81,"column":5}},"82":{"start":{"line":83,"column":0},"end":{"line":83,"column":17}},"83":{"start":{"line":84,"column":0},"end":{"line":84,"column":3}},"84":{"start":{"line":85,"column":0},"end":{"line":85,"column":1}}},"s":{"0":1,"1":1,"3":1,"4":1,"5":4,"6":4,"7":4,"8":0,"10":0,"11":4,"13":1,"17":3,"18":3,"19":3,"21":3,"22":3,"23":3,"25":3,"26":3,"27":0,"28":0,"30":3,"31":3,"33":1,"34":1,"35":1,"36":1,"38":1,"39":1,"40":0,"41":0,"42":1,"43":0,"44":0,"47":1,"48":1,"49":1,"50":1,"52":1,"53":1,"54":0,"55":0,"56":1,"57":1,"58":1,"60":1,"61":1,"62":1,"64":1,"65":0,"66":0,"67":0,"68":0,"69":0,"71":0,"72":0,"73":0,"74":0,"76":0,"77":0,"78":0,"79":0,"80":0,"82":0,"83":0,"84":1},"branchMap":{"0":{"type":"branch","line":5,"loc":{"start":{"line":5,"column":2},"end":{"line":12,"column":3}},"locations":[{"start":{"line":5,"column":2},"end":{"line":12,"column":3}}]},"1":{"type":"branch","line":8,"loc":{"start":{"line":8,"column":4},"end":{"line":11,"column":5}},"locations":[{"start":{"line":8,"column":4},"end":{"line":11,"column":5}}]},"2":{"type":"branch","line":14,"loc":{"start":{"line":14,"column":2},"end":{"line":32,"column":3}},"locations":[{"start":{"line":14,"column":2},"end":{"line":32,"column":3}}]},"3":{"type":"branch","line":27,"loc":{"start":{"line":27,"column":4},"end":{"line":29,"column":5}},"locations":[{"start":{"line":27,"column":4},"end":{"line":29,"column":5}}]},"4":{"type":"branch","line":34,"loc":{"start":{"line":34,"column":2},"end":{"line":59,"column":3}},"locations":[{"start":{"line":34,"column":2},"end":{"line":59,"column":3}}]},"5":{"type":"branch","line":40,"loc":{"start":{"line":40,"column":23},"end":{"line":42,"column":7}},"locations":[{"start":{"line":40,"column":23},"end":{"line":42,"column":7}}]},"6":{"type":"branch","line":43,"loc":{"start":{"line":43,"column":4},"end":{"line":45,"column":5}},"locations":[{"start":{"line":43,"column":4},"end":{"line":45,"column":5}}]},"7":{"type":"branch","line":54,"loc":{"start":{"line":54,"column":6},"end":{"line":56,"column":7}},"locations":[{"start":{"line":54,"column":6},"end":{"line":56,"column":7}}]},"8":{"type":"branch","line":61,"loc":{"start":{"line":61,"column":2},"end":{"line":63,"column":3}},"locations":[{"start":{"line":61,"column":2},"end":{"line":63,"column":3}}]}},"b":{"0":[4],"1":[0],"2":[3],"3":[0],"4":[1],"5":[0],"6":[0],"7":[0],"8":[1]},"fnMap":{"0":{"name":"ensureRedisConnection","decl":{"start":{"line":5,"column":2},"end":{"line":12,"column":3}},"loc":{"start":{"line":5,"column":2},"end":{"line":12,"column":3}},"line":5},"1":{"name":"createOrder","decl":{"start":{"line":14,"column":2},"end":{"line":32,"column":3}},"loc":{"start":{"line":14,"column":2},"end":{"line":32,"column":3}},"line":14},"2":{"name":"findOrderById","decl":{"start":{"line":34,"column":2},"end":{"line":59,"column":3}},"loc":{"start":{"line":34,"column":2},"end":{"line":59,"column":3}},"line":34},"3":{"name":"findOrdersByUserId","decl":{"start":{"line":61,"column":2},"end":{"line":63,"column":3}},"loc":{"start":{"line":61,"column":2},"end":{"line":63,"column":3}},"line":61},"4":{"name":"updateOrderStatus","decl":{"start":{"line":65,"column":2},"end":{"line":84,"column":3}},"loc":{"start":{"line":65,"column":2},"end":{"line":84,"column":3}},"line":65}},"f":{"0":4,"1":3,"2":1,"3":1,"4":0}}
,"D:\\jinsansan\\backend\\src\\services\\user.service.ts": {"path":"D:\\jinsansan\\backend\\src\\services\\user.service.ts","all":false,"statementMap":{"0":{"start":{"line":1,"column":0},"end":{"line":1,"column":40}},"2":{"start":{"line":3,"column":0},"end":{"line":3,"column":26}},"3":{"start":{"line":4,"column":0},"end":{"line":4,"column":84}},"4":{"start":{"line":5,"column":0},"end":{"line":5,"column":32}},"5":{"start":{"line":6,"column":0},"end":{"line":6,"column":29}},"6":{"start":{"line":7,"column":0},"end":{"line":7,"column":3}},"8":{"start":{"line":9,"column":0},"end":{"line":9,"column":47}},"9":{"start":{"line":10,"column":0},"end":{"line":10,"column":41}},"10":{"start":{"line":11,"column":0},"end":{"line":11,"column":3}},"12":{"start":{"line":13,"column":0},"end":{"line":13,"column":41}},"13":{"start":{"line":14,"column":0},"end":{"line":14,"column":35}},"14":{"start":{"line":15,"column":0},"end":{"line":15,"column":3}},"15":{"start":{"line":16,"column":0},"end":{"line":16,"column":1}}},"s":{"0":1,"2":1,"3":1,"4":2,"5":2,"6":2,"8":1,"9":1,"10":1,"12":1,"13":0,"14":0,"15":1},"branchMap":{"0":{"type":"branch","line":4,"loc":{"start":{"line":4,"column":2},"end":{"line":7,"column":3}},"locations":[{"start":{"line":4,"column":2},"end":{"line":7,"column":3}}]},"1":{"type":"branch","line":9,"loc":{"start":{"line":9,"column":2},"end":{"line":11,"column":3}},"locations":[{"start":{"line":9,"column":2},"end":{"line":11,"column":3}}]}},"b":{"0":[2],"1":[1]},"fnMap":{"0":{"name":"createUser","decl":{"start":{"line":4,"column":2},"end":{"line":7,"column":3}},"loc":{"start":{"line":4,"column":2},"end":{"line":7,"column":3}},"line":4},"1":{"name":"findUserByEmail","decl":{"start":{"line":9,"column":2},"end":{"line":11,"column":3}},"loc":{"start":{"line":9,"column":2},"end":{"line":11,"column":3}},"line":9},"2":{"name":"findUserById","decl":{"start":{"line":13,"column":2},"end":{"line":15,"column":3}},"loc":{"start":{"line":13,"column":2},"end":{"line":15,"column":3}},"line":13}},"f":{"0":2,"1":1,"2":0}}
,"D:\\jinsansan\\backend\\src\\utils\\common.util.ts": {"path":"D:\\jinsansan\\backend\\src\\utils\\common.util.ts","all":true,"statementMap":{"0":{"start":{"line":1,"column":0},"end":{"line":1,"column":25}},"1":{"start":{"line":2,"column":0},"end":{"line":2,"column":39}},"2":{"start":{"line":3,"column":0},"end":{"line":3,"column":103}},"3":{"start":{"line":4,"column":0},"end":{"line":4,"column":3}},"4":{"start":{"line":5,"column":0},"end":{"line":5,"column":1}}},"s":{"0":0,"1":0,"2":0,"3":0,"4":0},"branchMap":{"0":{"type":"branch","line":1,"loc":{"start":{"line":1,"column":179},"end":{"line":5,"column":1}},"locations":[{"start":{"line":1,"column":179},"end":{"line":5,"column":1}}]}},"b":{"0":[0]},"fnMap":{"0":{"name":"(empty-report)","decl":{"start":{"line":1,"column":179},"end":{"line":5,"column":1}},"loc":{"start":{"line":1,"column":179},"end":{"line":5,"column":1}},"line":1}},"f":{"0":0}}
,"D:\\jinsansan\\backend\\src\\utils\\encryption.util.ts": {"path":"D:\\jinsansan\\backend\\src\\utils\\encryption.util.ts","all":false,"statementMap":{"0":{"start":{"line":1,"column":0},"end":{"line":1,"column":28}},"2":{"start":{"line":3,"column":0},"end":{"line":3,"column":29}},"3":{"start":{"line":4,"column":0},"end":{"line":4,"column":64}},"4":{"start":{"line":5,"column":0},"end":{"line":5,"column":26}},"5":{"start":{"line":6,"column":0},"end":{"line":6,"column":51}},"6":{"start":{"line":7,"column":0},"end":{"line":7,"column":3}},"8":{"start":{"line":9,"column":0},"end":{"line":9,"column":82}},"9":{"start":{"line":10,"column":0},"end":{"line":10,"column":48}},"10":{"start":{"line":11,"column":0},"end":{"line":11,"column":3}},"11":{"start":{"line":12,"column":0},"end":{"line":12,"column":1}}},"s":{"0":1,"2":1,"3":1,"4":3,"5":3,"6":3,"8":1,"9":2,"10":2,"11":1},"branchMap":{"0":{"type":"branch","line":4,"loc":{"start":{"line":4,"column":2},"end":{"line":7,"column":3}},"locations":[{"start":{"line":4,"column":2},"end":{"line":7,"column":3}}]},"1":{"type":"branch","line":9,"loc":{"start":{"line":9,"column":2},"end":{"line":11,"column":3}},"locations":[{"start":{"line":9,"column":2},"end":{"line":11,"column":3}}]}},"b":{"0":[3],"1":[2]},"fnMap":{"0":{"name":"hashPassword","decl":{"start":{"line":4,"column":2},"end":{"line":7,"column":3}},"loc":{"start":{"line":4,"column":2},"end":{"line":7,"column":3}},"line":4},"1":{"name":"comparePassword","decl":{"start":{"line":9,"column":2},"end":{"line":11,"column":3}},"loc":{"start":{"line":9,"column":2},"end":{"line":11,"column":3}},"line":9}},"f":{"0":3,"1":2}}
,"D:\\jinsansan\\backend\\src\\utils\\error.util.ts": {"path":"D:\\jinsansan\\backend\\src\\utils\\error.util.ts","all":false,"statementMap":{"1":{"start":{"line":2,"column":0},"end":{"line":2,"column":49}},"3":{"start":{"line":4,"column":0},"end":{"line":4,"column":24}},"4":{"start":{"line":5,"column":0},"end":{"line":5,"column":102}},"5":{"start":{"line":6,"column":0},"end":{"line":6,"column":12}},"6":{"start":{"line":7,"column":0},"end":{"line":7,"column":11}},"7":{"start":{"line":8,"column":0},"end":{"line":8,"column":14}},"8":{"start":{"line":9,"column":0},"end":{"line":9,"column":17}},"9":{"start":{"line":10,"column":0},"end":{"line":10,"column":28}},"10":{"start":{"line":11,"column":0},"end":{"line":11,"column":6}},"11":{"start":{"line":12,"column":0},"end":{"line":12,"column":3}},"12":{"start":{"line":13,"column":0},"end":{"line":13,"column":1}}},"s":{"1":1,"3":1,"4":1,"5":3,"6":3,"7":3,"8":3,"9":3,"10":3,"11":3,"12":1},"branchMap":{"0":{"type":"branch","line":5,"loc":{"start":{"line":5,"column":9},"end":{"line":12,"column":3}},"locations":[{"start":{"line":5,"column":9},"end":{"line":12,"column":3}}]}},"b":{"0":[3]},"fnMap":{"0":{"name":"handleError","decl":{"start":{"line":5,"column":9},"end":{"line":12,"column":3}},"loc":{"start":{"line":5,"column":9},"end":{"line":12,"column":3}},"line":5}},"f":{"0":3}}
,"D:\\jinsansan\\backend\\src\\utils\\response.util.ts": {"path":"D:\\jinsansan\\backend\\src\\utils\\response.util.ts","all":false,"statementMap":{"1":{"start":{"line":2,"column":0},"end":{"line":2,"column":49}},"3":{"start":{"line":4,"column":0},"end":{"line":4,"column":27}},"4":{"start":{"line":5,"column":0},"end":{"line":5,"column":62}},"5":{"start":{"line":6,"column":0},"end":{"line":6,"column":12}},"6":{"start":{"line":7,"column":0},"end":{"line":7,"column":30}},"7":{"start":{"line":8,"column":0},"end":{"line":8,"column":14}},"8":{"start":{"line":9,"column":0},"end":{"line":9,"column":11}},"9":{"start":{"line":10,"column":0},"end":{"line":10,"column":28}},"10":{"start":{"line":11,"column":0},"end":{"line":11,"column":6}},"11":{"start":{"line":12,"column":0},"end":{"line":12,"column":3}},"13":{"start":{"line":14,"column":0},"end":{"line":14,"column":69}},"14":{"start":{"line":15,"column":0},"end":{"line":15,"column":12}},"15":{"start":{"line":16,"column":0},"end":{"line":16,"column":11}},"16":{"start":{"line":17,"column":0},"end":{"line":17,"column":14}},"17":{"start":{"line":18,"column":0},"end":{"line":18,"column":17}},"18":{"start":{"line":19,"column":0},"end":{"line":19,"column":28}},"19":{"start":{"line":20,"column":0},"end":{"line":20,"column":6}},"20":{"start":{"line":21,"column":0},"end":{"line":21,"column":3}},"21":{"start":{"line":22,"column":0},"end":{"line":22,"column":1}}},"s":{"1":1,"3":1,"4":1,"5":3,"6":3,"7":3,"8":3,"9":3,"10":3,"11":3,"13":1,"14":3,"15":3,"16":3,"17":3,"18":3,"19":3,"20":3,"21":1},"branchMap":{"0":{"type":"branch","line":5,"loc":{"start":{"line":5,"column":9},"end":{"line":12,"column":3}},"locations":[{"start":{"line":5,"column":9},"end":{"line":12,"column":3}}]},"1":{"type":"branch","line":14,"loc":{"start":{"line":14,"column":9},"end":{"line":21,"column":3}},"locations":[{"start":{"line":14,"column":9},"end":{"line":21,"column":3}}]}},"b":{"0":[3],"1":[3]},"fnMap":{"0":{"name":"success","decl":{"start":{"line":5,"column":9},"end":{"line":12,"column":3}},"loc":{"start":{"line":5,"column":9},"end":{"line":12,"column":3}},"line":5},"1":{"name":"error","decl":{"start":{"line":14,"column":9},"end":{"line":21,"column":3}},"loc":{"start":{"line":14,"column":9},"end":{"line":21,"column":3}},"line":14}},"f":{"0":3,"1":3}}
}
